[debug] [2021-01-17T22:27:57.200Z] ----------------------------------------------------------------------
[debug] [2021-01-17T22:27:57.202Z] Command:       /usr/local/bin/firebase /Users/sergca/.cache/firebase/tools/lib/node_modules/firebase-tools/lib/bin/firebase deploy
[debug] [2021-01-17T22:27:57.202Z] CLI Version:   9.2.1
[debug] [2021-01-17T22:27:57.202Z] Platform:      darwin
[debug] [2021-01-17T22:27:57.202Z] Node Version:  v12.18.1
[debug] [2021-01-17T22:27:57.203Z] Time:          Sun Jan 17 2021 14:27:57 GMT-0800 (Pacific Standard Time)
[debug] [2021-01-17T22:27:57.203Z] ----------------------------------------------------------------------
[debug] [2021-01-17T22:27:57.203Z] 
[debug] [2021-01-17T22:27:57.208Z] > command requires scopes: ["email","openid","https://www.googleapis.com/auth/cloudplatformprojects.readonly","https://www.googleapis.com/auth/firebase","https://www.googleapis.com/auth/cloud-platform"]
[debug] [2021-01-17T22:27:57.209Z] > authorizing via signed-in user
[debug] [2021-01-17T22:27:57.209Z] [iam] checking project version-control-6b8d1 for permissions ["cloudfunctions.functions.create","cloudfunctions.functions.delete","cloudfunctions.functions.get","cloudfunctions.functions.list","cloudfunctions.functions.update","cloudfunctions.operations.get","firebase.projects.get","firebasehosting.sites.update"]
[debug] [2021-01-17T22:27:57.211Z] >>> HTTP REQUEST POST https://cloudresourcemanager.googleapis.com/v1/projects/version-control-6b8d1:testIamPermissions  
 {"permissions":["cloudfunctions.functions.create","cloudfunctions.functions.delete","cloudfunctions.functions.get","cloudfunctions.functions.list","cloudfunctions.functions.update","cloudfunctions.operations.get","firebase.projects.get","firebasehosting.sites.update"]}
[debug] [2021-01-17T22:27:57.466Z] <<< HTTP RESPONSE 200 {"content-type":"application/json; charset=UTF-8","vary":"X-Origin, Referer, Origin,Accept-Encoding","date":"Sun, 17 Jan 2021 22:27:57 GMT","server":"ESF","cache-control":"private","x-xss-protection":"0","x-frame-options":"SAMEORIGIN","x-content-type-options":"nosniff","server-timing":"gfet4t7; dur=201","alt-svc":"h3-29=\":443\"; ma=2592000,h3-T051=\":443\"; ma=2592000,h3-Q050=\":443\"; ma=2592000,h3-Q046=\":443\"; ma=2592000,h3-Q043=\":443\"; ma=2592000,quic=\":443\"; ma=2592000; v=\"46,43\"","accept-ranges":"none","transfer-encoding":"chunked"}
[debug] [2021-01-17T22:27:57.468Z] >>> HTTP REQUEST POST https://iam.googleapis.com/v1/projects/version-control-6b8d1/serviceAccounts/version-control-6b8d1@appspot.gserviceaccount.com:testIamPermissions  
 {"permissions":["iam.serviceAccounts.actAs"]}
[debug] [2021-01-17T22:27:57.768Z] <<< HTTP RESPONSE 200 {"content-type":"application/json; charset=UTF-8","vary":"X-Origin, Referer, Origin,Accept-Encoding","date":"Sun, 17 Jan 2021 22:27:57 GMT","server":"ESF","cache-control":"private","x-xss-protection":"0","x-frame-options":"SAMEORIGIN","x-content-type-options":"nosniff","alt-svc":"h3-29=\":443\"; ma=2592000,h3-T051=\":443\"; ma=2592000,h3-Q050=\":443\"; ma=2592000,h3-Q046=\":443\"; ma=2592000,h3-Q043=\":443\"; ma=2592000,quic=\":443\"; ma=2592000; v=\"46,43\"","accept-ranges":"none","transfer-encoding":"chunked"}
[debug] [2021-01-17T22:27:57.771Z] > refreshing access token with scopes: []
[debug] [2021-01-17T22:27:57.771Z] >>> HTTP REQUEST POST https://www.googleapis.com/oauth2/v3/token  
 <request body omitted>
[debug] [2021-01-17T22:27:57.869Z] <<< HTTP RESPONSE 200 {"expires":"Mon, 01 Jan 1990 00:00:00 GMT","date":"Sun, 17 Jan 2021 22:27:57 GMT","cache-control":"no-cache, no-store, max-age=0, must-revalidate","pragma":"no-cache","content-type":"application/json; charset=utf-8","vary":"X-Origin, Referer, Origin,Accept-Encoding","server":"scaffolding on HTTPServer2","x-xss-protection":"0","x-frame-options":"SAMEORIGIN","x-content-type-options":"nosniff","alt-svc":"h3-29=\":443\"; ma=2592000,h3-T051=\":443\"; ma=2592000,h3-Q050=\":443\"; ma=2592000,h3-Q046=\":443\"; ma=2592000,h3-Q043=\":443\"; ma=2592000,quic=\":443\"; ma=2592000; v=\"46,43\"","accept-ranges":"none","transfer-encoding":"chunked"}
[debug] [2021-01-17T22:27:57.904Z] >>> [apiv2][query] GET https://firebase.googleapis.com/v1beta1/projects/version-control-6b8d1 [none]
[debug] [2021-01-17T22:27:58.044Z] <<< [apiv2][status] GET https://firebase.googleapis.com/v1beta1/projects/version-control-6b8d1 200
[debug] [2021-01-17T22:27:58.044Z] <<< [apiv2][body] GET https://firebase.googleapis.com/v1beta1/projects/version-control-6b8d1 {"projectId":"version-control-6b8d1","projectNumber":"395160986655","displayName":"version-control","name":"projects/version-control-6b8d1","resources":{"hostingSite":"version-control-6b8d1"},"state":"ACTIVE"}
[warn] ⚠  functions: package.json indicates an outdated version of firebase-functions.
Please upgrade using npm install --save firebase-functions@latest in your functions directory. 
[info] 
[info] === Deploying to 'version-control-6b8d1'...
[info] 
[info] i  deploying functions, hosting 
[debug] [2021-01-17T22:27:59.236Z] > [functions] package.json contents: {
  "name": "functions",
  "description": "Cloud Functions for Firebase",
  "scripts": {
    "serve": "firebase serve --only functions",
    "shell": "firebase functions:shell",
    "start": "npm run shell",
    "deploy": "firebase deploy --only functions",
    "logs": "firebase functions:log"
  },
  "engines": {
    "node": "12"
  },
  "dependencies": {
    "compression": "^1.7.4",
    "express": "^4.17.1",
    "firebase-admin": "^9.4.2",
    "firebase-functions": "^2.3.0",
    "polka": "^0.5.2",
    "sirv": "^0.4.2"
  },
  "devDependencies": {
    "firebase-functions-test": "^0.1.6"
  },
  "private": true
}
[info] i  functions: ensuring required API cloudfunctions.googleapis.com is enabled... 
[debug] [2021-01-17T22:27:59.912Z] > refreshing access token with scopes: ["email","https://www.googleapis.com/auth/cloud-platform","https://www.googleapis.com/auth/cloudplatformprojects.readonly","https://www.googleapis.com/auth/firebase","openid"]
[debug] [2021-01-17T22:27:59.912Z] >>> HTTP REQUEST POST https://www.googleapis.com/oauth2/v3/token  
 <request body omitted>
[debug] [2021-01-17T22:27:59.912Z] > refreshing access token with scopes: ["email","https://www.googleapis.com/auth/cloud-platform","https://www.googleapis.com/auth/cloudplatformprojects.readonly","https://www.googleapis.com/auth/firebase","openid"]
[debug] [2021-01-17T22:27:59.912Z] >>> HTTP REQUEST POST https://www.googleapis.com/oauth2/v3/token  
 <request body omitted>
[info] i  functions: ensuring required API cloudbuild.googleapis.com is enabled... 
[debug] [2021-01-17T22:27:59.913Z] > refreshing access token with scopes: ["email","https://www.googleapis.com/auth/cloud-platform","https://www.googleapis.com/auth/cloudplatformprojects.readonly","https://www.googleapis.com/auth/firebase","openid"]
[debug] [2021-01-17T22:27:59.913Z] >>> HTTP REQUEST POST https://www.googleapis.com/oauth2/v3/token  
 <request body omitted>
[debug] [2021-01-17T22:28:00.015Z] <<< HTTP RESPONSE 200 {"date":"Sun, 17 Jan 2021 22:27:59 GMT","cache-control":"no-cache, no-store, max-age=0, must-revalidate","expires":"Mon, 01 Jan 1990 00:00:00 GMT","pragma":"no-cache","content-type":"application/json; charset=utf-8","vary":"X-Origin, Referer, Origin,Accept-Encoding","server":"scaffolding on HTTPServer2","x-xss-protection":"0","x-frame-options":"SAMEORIGIN","x-content-type-options":"nosniff","alt-svc":"h3-29=\":443\"; ma=2592000,h3-T051=\":443\"; ma=2592000,h3-Q050=\":443\"; ma=2592000,h3-Q046=\":443\"; ma=2592000,h3-Q043=\":443\"; ma=2592000,quic=\":443\"; ma=2592000; v=\"46,43\"","accept-ranges":"none","transfer-encoding":"chunked"}
[debug] [2021-01-17T22:28:00.046Z] >>> HTTP REQUEST GET https://serviceusage.googleapis.com/v1/projects/version-control-6b8d1/services/cloudbuild.googleapis.com  
 
[debug] [2021-01-17T22:28:00.050Z] <<< HTTP RESPONSE 200 {"cache-control":"no-cache, no-store, max-age=0, must-revalidate","expires":"Mon, 01 Jan 1990 00:00:00 GMT","date":"Sun, 17 Jan 2021 22:27:59 GMT","pragma":"no-cache","content-type":"application/json; charset=utf-8","vary":"X-Origin, Referer, Origin,Accept-Encoding","server":"scaffolding on HTTPServer2","x-xss-protection":"0","x-frame-options":"SAMEORIGIN","x-content-type-options":"nosniff","alt-svc":"h3-29=\":443\"; ma=2592000,h3-T051=\":443\"; ma=2592000,h3-Q050=\":443\"; ma=2592000,h3-Q046=\":443\"; ma=2592000,h3-Q043=\":443\"; ma=2592000,quic=\":443\"; ma=2592000; v=\"46,43\"","accept-ranges":"none","transfer-encoding":"chunked"}
[debug] [2021-01-17T22:28:00.080Z] >>> HTTP REQUEST GET https://serviceusage.googleapis.com/v1/projects/version-control-6b8d1/services/cloudfunctions.googleapis.com  
 
[debug] [2021-01-17T22:28:00.082Z] <<< HTTP RESPONSE 200 {"pragma":"no-cache","expires":"Mon, 01 Jan 1990 00:00:00 GMT","cache-control":"no-cache, no-store, max-age=0, must-revalidate","date":"Sun, 17 Jan 2021 22:27:59 GMT","content-type":"application/json; charset=utf-8","vary":"X-Origin, Referer, Origin,Accept-Encoding","server":"scaffolding on HTTPServer2","x-xss-protection":"0","x-frame-options":"SAMEORIGIN","x-content-type-options":"nosniff","alt-svc":"h3-29=\":443\"; ma=2592000,h3-T051=\":443\"; ma=2592000,h3-Q050=\":443\"; ma=2592000,h3-Q046=\":443\"; ma=2592000,h3-Q043=\":443\"; ma=2592000,quic=\":443\"; ma=2592000; v=\"46,43\"","accept-ranges":"none","transfer-encoding":"chunked"}
[debug] [2021-01-17T22:28:00.111Z] >>> HTTP REQUEST GET https://serviceusage.googleapis.com/v1/projects/version-control-6b8d1/services/runtimeconfig.googleapis.com  
 
[debug] [2021-01-17T22:28:00.504Z] <<< HTTP RESPONSE 200 {"content-type":"application/json; charset=UTF-8","vary":"X-Origin, Referer, Origin,Accept-Encoding","date":"Sun, 17 Jan 2021 22:28:00 GMT","server":"ESF","cache-control":"private","x-xss-protection":"0","x-frame-options":"SAMEORIGIN","x-content-type-options":"nosniff","alt-svc":"h3-29=\":443\"; ma=2592000,h3-T051=\":443\"; ma=2592000,h3-Q050=\":443\"; ma=2592000,h3-Q046=\":443\"; ma=2592000,h3-Q043=\":443\"; ma=2592000,quic=\":443\"; ma=2592000; v=\"46,43\"","accept-ranges":"none","transfer-encoding":"chunked"}
[info] ✔  functions: required API cloudbuild.googleapis.com is enabled 
[debug] [2021-01-17T22:28:00.506Z] <<< HTTP RESPONSE 200 {"content-type":"application/json; charset=UTF-8","vary":"X-Origin, Referer, Origin,Accept-Encoding","date":"Sun, 17 Jan 2021 22:28:00 GMT","server":"ESF","cache-control":"private","x-xss-protection":"0","x-frame-options":"SAMEORIGIN","x-content-type-options":"nosniff","alt-svc":"h3-29=\":443\"; ma=2592000,h3-T051=\":443\"; ma=2592000,h3-Q050=\":443\"; ma=2592000,h3-Q046=\":443\"; ma=2592000,h3-Q043=\":443\"; ma=2592000,quic=\":443\"; ma=2592000; v=\"46,43\"","accept-ranges":"none","transfer-encoding":"chunked"}
[debug] [2021-01-17T22:28:00.523Z] <<< HTTP RESPONSE 200 {"content-type":"application/json; charset=UTF-8","vary":"X-Origin, Referer, Origin,Accept-Encoding","date":"Sun, 17 Jan 2021 22:28:00 GMT","server":"ESF","cache-control":"private","x-xss-protection":"0","x-frame-options":"SAMEORIGIN","x-content-type-options":"nosniff","alt-svc":"h3-29=\":443\"; ma=2592000,h3-T051=\":443\"; ma=2592000,h3-Q050=\":443\"; ma=2592000,h3-Q046=\":443\"; ma=2592000,h3-Q043=\":443\"; ma=2592000,quic=\":443\"; ma=2592000; v=\"46,43\"","accept-ranges":"none","transfer-encoding":"chunked"}
[info] ✔  functions: required API cloudfunctions.googleapis.com is enabled 
[debug] [2021-01-17T22:28:00.524Z] >>> HTTP REQUEST GET https://firebase.googleapis.com/v1beta1/projects/version-control-6b8d1/adminSdkConfig  
 
[debug] [2021-01-17T22:28:00.725Z] <<< HTTP RESPONSE 200 {"content-type":"application/json; charset=UTF-8","vary":"X-Origin, Referer, Origin,Accept-Encoding","date":"Sun, 17 Jan 2021 22:28:00 GMT","server":"ESF","cache-control":"private","x-xss-protection":"0","x-frame-options":"SAMEORIGIN","x-content-type-options":"nosniff","alt-svc":"h3-29=\":443\"; ma=2592000,h3-T051=\":443\"; ma=2592000,h3-Q050=\":443\"; ma=2592000,h3-Q046=\":443\"; ma=2592000,h3-Q043=\":443\"; ma=2592000,quic=\":443\"; ma=2592000; v=\"46,43\"","accept-ranges":"none","transfer-encoding":"chunked"}
[debug] [2021-01-17T22:28:00.729Z] >>> HTTP REQUEST POST https://firebasehosting.googleapis.com/v1beta1/sites/version-control-6b8d1/versions  
 {"config":{"rewrites":[{"glob":"**","function":"ssr"}]},"labels":{"deployment-tool":"cli-firebase"}}
[debug] [2021-01-17T22:28:01.414Z] <<< HTTP RESPONSE 200 {"content-type":"application/json; charset=UTF-8","vary":"X-Origin, Referer, Origin,Accept-Encoding","date":"Sun, 17 Jan 2021 22:28:01 GMT","server":"ESF","cache-control":"private","x-xss-protection":"0","x-frame-options":"SAMEORIGIN","x-content-type-options":"nosniff","alt-svc":"h3-29=\":443\"; ma=2592000,h3-T051=\":443\"; ma=2592000,h3-Q050=\":443\"; ma=2592000,h3-Q046=\":443\"; ma=2592000,h3-Q043=\":443\"; ma=2592000,quic=\":443\"; ma=2592000; v=\"46,43\"","accept-ranges":"none","transfer-encoding":"chunked"}
[info] i  functions: preparing functions directory for uploading... 
[debug] [2021-01-17T22:28:01.416Z] >>> HTTP REQUEST GET https://runtimeconfig.googleapis.com/v1beta1/projects/version-control-6b8d1/configs  
 
[debug] [2021-01-17T22:28:01.786Z] <<< HTTP RESPONSE 200 {"content-type":"application/json; charset=UTF-8","vary":"X-Origin, Referer, Origin,Accept-Encoding","date":"Sun, 17 Jan 2021 22:28:01 GMT","server":"ESF","cache-control":"private","x-xss-protection":"0","x-frame-options":"SAMEORIGIN","x-content-type-options":"nosniff","alt-svc":"h3-29=\":443\"; ma=2592000,h3-T051=\":443\"; ma=2592000,h3-Q050=\":443\"; ma=2592000,h3-Q046=\":443\"; ma=2592000,h3-Q043=\":443\"; ma=2592000,quic=\":443\"; ma=2592000; v=\"46,43\"","accept-ranges":"none","transfer-encoding":"chunked"}
[info] i  functions: packaged functions (321.96 KB) for uploading 
[debug] [2021-01-17T22:28:02.102Z] >>> HTTP REQUEST GET https://cloudfunctions.googleapis.com/v1/projects/version-control-6b8d1/locations/-/functions  
 
[debug] [2021-01-17T22:28:02.561Z] <<< HTTP RESPONSE 200 {"content-type":"application/json; charset=UTF-8","vary":"X-Origin, Referer, Origin,Accept-Encoding","date":"Sun, 17 Jan 2021 22:28:02 GMT","server":"ESF","cache-control":"private","x-xss-protection":"0","x-frame-options":"SAMEORIGIN","x-content-type-options":"nosniff","alt-svc":"h3-29=\":443\"; ma=2592000,h3-T051=\":443\"; ma=2592000,h3-Q050=\":443\"; ma=2592000,h3-Q046=\":443\"; ma=2592000,h3-Q043=\":443\"; ma=2592000,quic=\":443\"; ma=2592000; v=\"46,43\"","accept-ranges":"none","transfer-encoding":"chunked"}
[debug] [2021-01-17T22:28:02.563Z] [functions] found 1 new HTTP functions, testing setIamPolicy permission...
[debug] [2021-01-17T22:28:02.563Z] >>> HTTP REQUEST POST https://cloudresourcemanager.googleapis.com/v1/projects/version-control-6b8d1:testIamPermissions  
 {"permissions":["cloudfunctions.functions.setIamPolicy"]}
[debug] [2021-01-17T22:28:02.775Z] <<< HTTP RESPONSE 200 {"content-type":"application/json; charset=UTF-8","vary":"X-Origin, Referer, Origin,Accept-Encoding","date":"Sun, 17 Jan 2021 22:28:02 GMT","server":"ESF","cache-control":"private","x-xss-protection":"0","x-frame-options":"SAMEORIGIN","x-content-type-options":"nosniff","server-timing":"gfet4t7; dur=181","alt-svc":"h3-29=\":443\"; ma=2592000,h3-T051=\":443\"; ma=2592000,h3-Q050=\":443\"; ma=2592000,h3-Q046=\":443\"; ma=2592000,h3-Q043=\":443\"; ma=2592000,quic=\":443\"; ma=2592000; v=\"46,43\"","accept-ranges":"none","transfer-encoding":"chunked"}
[debug] [2021-01-17T22:28:02.776Z] [functions] found setIamPolicy permission, proceeding with deploy
[debug] [2021-01-17T22:28:02.777Z] >>> HTTP REQUEST POST https://cloudfunctions.googleapis.com/v1/projects/version-control-6b8d1/locations/us-central1/functions:generateUploadUrl  
 
[debug] [2021-01-17T22:28:03.258Z] <<< HTTP RESPONSE 200 {"content-type":"application/json; charset=UTF-8","vary":"X-Origin, Referer, Origin,Accept-Encoding","date":"Sun, 17 Jan 2021 22:28:03 GMT","server":"ESF","cache-control":"private","x-xss-protection":"0","x-frame-options":"SAMEORIGIN","x-content-type-options":"nosniff","alt-svc":"h3-29=\":443\"; ma=2592000,h3-T051=\":443\"; ma=2592000,h3-Q050=\":443\"; ma=2592000,h3-Q046=\":443\"; ma=2592000,h3-Q043=\":443\"; ma=2592000,quic=\":443\"; ma=2592000; v=\"46,43\"","accept-ranges":"none","transfer-encoding":"chunked"}
[debug] [2021-01-17T22:28:03.259Z] >>> HTTP REQUEST PUT https://storage.googleapis.com/gcf-upload-us-central1-fce8c1b9-be2b-4524-a1eb-41c91f41808e/487d16f2-2651-4c81-a012-a8b93e73a84a.zip?GoogleAccessId=service-395160986655@gcf-admin-robot.iam.gserviceaccount.com&Expires=1610924283&Signature=g0f8L9y86u0vXNOelEDqqRf%2F3mY28L6%2Fl6pFf8gxl8NcHRccAhDAjY2hQLP06ry3u9IL5N8dHoL4ms5%2F94e3AWW3XEyFqn4PQnB5ujVVTtekMYq0xgEcvg7ME5Qh1PU7Hgb9cPQk5Zfv6NTDjy9t1PZMZujU1NK%2BeC0JVE5lQ5yBNRG43tQDZYR65VKU6vwhjEsBUlJa%2FR%2B24A4HvvIQRBaVRXZlKiPIOF6ik1zUX2bnVJhu8kM11qWXI49ERX4P%2Fq%2Fs0DMBurByJk5eSs44hkIRbQtYGcHyUivuAZzJDKqje5TwhRUBTG53VGX4269IVsLj96HhzLtLstsG1SIrfw%3D%3D  
 <request body omitted>
[debug] [2021-01-17T22:28:03.560Z] <<< HTTP RESPONSE 200 {"x-guploader-uploadid":"ABg5-UzZtAo2pol3v3ngkNOlJa8ApUa6bVInRP6bNm3NX7o1af0jkK7YO9WYM7ynl-3O86HqEpY328hPiej3Emdb4bI88MezEg","etag":"\"905ecb21f4e271ae36a696136ee0c61f\"","x-goog-generation":"1610922483525256","x-goog-metageneration":"1","x-goog-hash":"crc32c=NRodGA==, md5=kF7LIfTica42ppYTbuDGHw==","x-goog-stored-content-length":"329683","x-goog-stored-content-encoding":"identity","vary":"Origin","content-length":"0","date":"Sun, 17 Jan 2021 22:28:03 GMT","server":"UploadServer","content-type":"text/html; charset=UTF-8","alt-svc":"h3-29=\":443\"; ma=2592000,h3-T051=\":443\"; ma=2592000,h3-Q050=\":443\"; ma=2592000,h3-Q046=\":443\"; ma=2592000,h3-Q043=\":443\"; ma=2592000,quic=\":443\"; ma=2592000; v=\"46,43\""}
[info] ✔  functions: functions folder uploaded successfully 
[info] i  hosting[version-control-6b8d1]: beginning deploy... 
[info] i  hosting[version-control-6b8d1]: found 7 files in static 
[debug] [2021-01-17T22:28:03.566Z] [hosting] hash cache [c3RhdGlj] not populated
[debug] [2021-01-17T22:28:03.571Z] > refreshing access token with scopes: []
[debug] [2021-01-17T22:28:03.571Z] >>> HTTP REQUEST POST https://www.googleapis.com/oauth2/v3/token  
 <request body omitted>
[debug] [2021-01-17T22:28:03.573Z] [hosting] hash cache [c3RhdGlj] stored for 7 files
[debug] [2021-01-17T22:28:03.573Z] [hosting][hash queue][FINAL] {"max":3,"min":3,"avg":3,"active":0,"complete":7,"success":7,"errored":0,"retried":0,"total":7,"elapsed":7}
[debug] [2021-01-17T22:28:03.676Z] <<< HTTP RESPONSE 200 {"pragma":"no-cache","date":"Sun, 17 Jan 2021 22:28:03 GMT","expires":"Mon, 01 Jan 1990 00:00:00 GMT","cache-control":"no-cache, no-store, max-age=0, must-revalidate","content-type":"application/json; charset=utf-8","vary":"X-Origin, Referer, Origin,Accept-Encoding","server":"scaffolding on HTTPServer2","x-xss-protection":"0","x-frame-options":"SAMEORIGIN","x-content-type-options":"nosniff","alt-svc":"h3-29=\":443\"; ma=2592000,h3-T051=\":443\"; ma=2592000,h3-Q050=\":443\"; ma=2592000,h3-Q046=\":443\"; ma=2592000,h3-Q043=\":443\"; ma=2592000,quic=\":443\"; ma=2592000; v=\"46,43\"","accept-ranges":"none","transfer-encoding":"chunked"}
[debug] [2021-01-17T22:28:03.709Z] >>> [apiv2][query] POST https://firebasehosting.googleapis.com/v1beta1/sites/version-control-6b8d1/versions/707171231e7179ac:populateFiles [none]
[debug] [2021-01-17T22:28:03.709Z] >>> [apiv2][body] POST https://firebasehosting.googleapis.com/v1beta1/sites/version-control-6b8d1/versions/707171231e7179ac:populateFiles {"files":{"/global.css":"1125fa018765bf972fc2ad9bd0e1da649c77f27504384968c2452927d5acb764","/favicon.png":"afb8a0d6f40ee5294d6fbe18fe7323bcfd74dedcb456f5603bbcebf4dfb9afe2","/manifest.json":"17f46f288fc1b283d4be546bf214679f5d78152d78ea02ea55af3ccf260f01dd","/tailwind.css":"382fc2b275d293cf03762a69f3e95dc8e64f3bc42c7aa61a7d0e31dda6acf6b3","/logo-192.png":"94eac730308ae2dc9f67c0bd0bca6d92d5931de452273ad193d40727b3c98f58","/index.css":"ab9f9f047a81d7c6d50ea26e034ed7167570af1184679cb636ed3d3edd97120a","/logo-512.png":"ba602a45d202d6b6c9708f4d7f9a316d53a39d284d77e6ea9031dddb02936017"}}
[debug] [2021-01-17T22:28:04.146Z] <<< [apiv2][status] POST https://firebasehosting.googleapis.com/v1beta1/sites/version-control-6b8d1/versions/707171231e7179ac:populateFiles 200
[debug] [2021-01-17T22:28:04.146Z] <<< [apiv2][body] POST https://firebasehosting.googleapis.com/v1beta1/sites/version-control-6b8d1/versions/707171231e7179ac:populateFiles {"uploadRequiredHashes":["1125fa018765bf972fc2ad9bd0e1da649c77f27504384968c2452927d5acb764","afb8a0d6f40ee5294d6fbe18fe7323bcfd74dedcb456f5603bbcebf4dfb9afe2","17f46f288fc1b283d4be546bf214679f5d78152d78ea02ea55af3ccf260f01dd","382fc2b275d293cf03762a69f3e95dc8e64f3bc42c7aa61a7d0e31dda6acf6b3","94eac730308ae2dc9f67c0bd0bca6d92d5931de452273ad193d40727b3c98f58","ab9f9f047a81d7c6d50ea26e034ed7167570af1184679cb636ed3d3edd97120a","ba602a45d202d6b6c9708f4d7f9a316d53a39d284d77e6ea9031dddb02936017"],"uploadUrl":"https://upload-firebasehosting.googleapis.com/upload/sites/version-control-6b8d1/versions/707171231e7179ac/files"}
[debug] [2021-01-17T22:28:04.149Z] >>> [apiv2][query] POST https://upload-firebasehosting.googleapis.com/upload/sites/version-control-6b8d1/versions/707171231e7179ac/files/1125fa018765bf972fc2ad9bd0e1da649c77f27504384968c2452927d5acb764 [none]
[debug] [2021-01-17T22:28:04.149Z] >>> [apiv2][body] POST https://upload-firebasehosting.googleapis.com/upload/sites/version-control-6b8d1/versions/707171231e7179ac/files/1125fa018765bf972fc2ad9bd0e1da649c77f27504384968c2452927d5acb764 [stream]
[debug] [2021-01-17T22:28:04.150Z] >>> [apiv2][query] POST https://upload-firebasehosting.googleapis.com/upload/sites/version-control-6b8d1/versions/707171231e7179ac/files/afb8a0d6f40ee5294d6fbe18fe7323bcfd74dedcb456f5603bbcebf4dfb9afe2 [none]
[debug] [2021-01-17T22:28:04.150Z] >>> [apiv2][body] POST https://upload-firebasehosting.googleapis.com/upload/sites/version-control-6b8d1/versions/707171231e7179ac/files/afb8a0d6f40ee5294d6fbe18fe7323bcfd74dedcb456f5603bbcebf4dfb9afe2 [stream]
[debug] [2021-01-17T22:28:04.150Z] >>> [apiv2][query] POST https://upload-firebasehosting.googleapis.com/upload/sites/version-control-6b8d1/versions/707171231e7179ac/files/17f46f288fc1b283d4be546bf214679f5d78152d78ea02ea55af3ccf260f01dd [none]
[debug] [2021-01-17T22:28:04.151Z] >>> [apiv2][body] POST https://upload-firebasehosting.googleapis.com/upload/sites/version-control-6b8d1/versions/707171231e7179ac/files/17f46f288fc1b283d4be546bf214679f5d78152d78ea02ea55af3ccf260f01dd [stream]
[debug] [2021-01-17T22:28:04.151Z] >>> [apiv2][query] POST https://upload-firebasehosting.googleapis.com/upload/sites/version-control-6b8d1/versions/707171231e7179ac/files/382fc2b275d293cf03762a69f3e95dc8e64f3bc42c7aa61a7d0e31dda6acf6b3 [none]
[debug] [2021-01-17T22:28:04.151Z] >>> [apiv2][body] POST https://upload-firebasehosting.googleapis.com/upload/sites/version-control-6b8d1/versions/707171231e7179ac/files/382fc2b275d293cf03762a69f3e95dc8e64f3bc42c7aa61a7d0e31dda6acf6b3 [stream]
[debug] [2021-01-17T22:28:04.152Z] >>> [apiv2][query] POST https://upload-firebasehosting.googleapis.com/upload/sites/version-control-6b8d1/versions/707171231e7179ac/files/94eac730308ae2dc9f67c0bd0bca6d92d5931de452273ad193d40727b3c98f58 [none]
[debug] [2021-01-17T22:28:04.152Z] >>> [apiv2][body] POST https://upload-firebasehosting.googleapis.com/upload/sites/version-control-6b8d1/versions/707171231e7179ac/files/94eac730308ae2dc9f67c0bd0bca6d92d5931de452273ad193d40727b3c98f58 [stream]
[debug] [2021-01-17T22:28:04.153Z] >>> [apiv2][query] POST https://upload-firebasehosting.googleapis.com/upload/sites/version-control-6b8d1/versions/707171231e7179ac/files/ab9f9f047a81d7c6d50ea26e034ed7167570af1184679cb636ed3d3edd97120a [none]
[debug] [2021-01-17T22:28:04.153Z] >>> [apiv2][body] POST https://upload-firebasehosting.googleapis.com/upload/sites/version-control-6b8d1/versions/707171231e7179ac/files/ab9f9f047a81d7c6d50ea26e034ed7167570af1184679cb636ed3d3edd97120a [stream]
[debug] [2021-01-17T22:28:04.153Z] >>> [apiv2][query] POST https://upload-firebasehosting.googleapis.com/upload/sites/version-control-6b8d1/versions/707171231e7179ac/files/ba602a45d202d6b6c9708f4d7f9a316d53a39d284d77e6ea9031dddb02936017 [none]
[debug] [2021-01-17T22:28:04.153Z] >>> [apiv2][body] POST https://upload-firebasehosting.googleapis.com/upload/sites/version-control-6b8d1/versions/707171231e7179ac/files/ba602a45d202d6b6c9708f4d7f9a316d53a39d284d77e6ea9031dddb02936017 [stream]
[debug] [2021-01-17T22:28:04.154Z] [hosting][populate queue][FINAL] {"max":578,"min":578,"avg":578,"active":0,"complete":1,"success":1,"errored":0,"retried":0,"total":1,"elapsed":583}
[debug] [2021-01-17T22:28:04.154Z] [hosting] uploads queued: 7
[debug] [2021-01-17T22:28:04.854Z] <<< [apiv2][status] POST https://upload-firebasehosting.googleapis.com/upload/sites/version-control-6b8d1/versions/707171231e7179ac/files/ab9f9f047a81d7c6d50ea26e034ed7167570af1184679cb636ed3d3edd97120a 200
[debug] [2021-01-17T22:28:04.854Z] <<< [apiv2][body] POST https://upload-firebasehosting.googleapis.com/upload/sites/version-control-6b8d1/versions/707171231e7179ac/files/ab9f9f047a81d7c6d50ea26e034ed7167570af1184679cb636ed3d3edd97120a [stream]
[debug] [2021-01-17T22:28:04.912Z] <<< [apiv2][status] POST https://upload-firebasehosting.googleapis.com/upload/sites/version-control-6b8d1/versions/707171231e7179ac/files/382fc2b275d293cf03762a69f3e95dc8e64f3bc42c7aa61a7d0e31dda6acf6b3 200
[debug] [2021-01-17T22:28:04.912Z] <<< [apiv2][body] POST https://upload-firebasehosting.googleapis.com/upload/sites/version-control-6b8d1/versions/707171231e7179ac/files/382fc2b275d293cf03762a69f3e95dc8e64f3bc42c7aa61a7d0e31dda6acf6b3 [stream]
[debug] [2021-01-17T22:28:04.927Z] <<< [apiv2][status] POST https://upload-firebasehosting.googleapis.com/upload/sites/version-control-6b8d1/versions/707171231e7179ac/files/afb8a0d6f40ee5294d6fbe18fe7323bcfd74dedcb456f5603bbcebf4dfb9afe2 200
[debug] [2021-01-17T22:28:04.927Z] <<< [apiv2][body] POST https://upload-firebasehosting.googleapis.com/upload/sites/version-control-6b8d1/versions/707171231e7179ac/files/afb8a0d6f40ee5294d6fbe18fe7323bcfd74dedcb456f5603bbcebf4dfb9afe2 [stream]
[debug] [2021-01-17T22:28:04.944Z] <<< [apiv2][status] POST https://upload-firebasehosting.googleapis.com/upload/sites/version-control-6b8d1/versions/707171231e7179ac/files/17f46f288fc1b283d4be546bf214679f5d78152d78ea02ea55af3ccf260f01dd 200
[debug] [2021-01-17T22:28:04.945Z] <<< [apiv2][body] POST https://upload-firebasehosting.googleapis.com/upload/sites/version-control-6b8d1/versions/707171231e7179ac/files/17f46f288fc1b283d4be546bf214679f5d78152d78ea02ea55af3ccf260f01dd [stream]
[debug] [2021-01-17T22:28:05.001Z] <<< [apiv2][status] POST https://upload-firebasehosting.googleapis.com/upload/sites/version-control-6b8d1/versions/707171231e7179ac/files/1125fa018765bf972fc2ad9bd0e1da649c77f27504384968c2452927d5acb764 200
[debug] [2021-01-17T22:28:05.001Z] <<< [apiv2][body] POST https://upload-firebasehosting.googleapis.com/upload/sites/version-control-6b8d1/versions/707171231e7179ac/files/1125fa018765bf972fc2ad9bd0e1da649c77f27504384968c2452927d5acb764 [stream]
[debug] [2021-01-17T22:28:05.025Z] <<< [apiv2][status] POST https://upload-firebasehosting.googleapis.com/upload/sites/version-control-6b8d1/versions/707171231e7179ac/files/94eac730308ae2dc9f67c0bd0bca6d92d5931de452273ad193d40727b3c98f58 200
[debug] [2021-01-17T22:28:05.025Z] <<< [apiv2][body] POST https://upload-firebasehosting.googleapis.com/upload/sites/version-control-6b8d1/versions/707171231e7179ac/files/94eac730308ae2dc9f67c0bd0bca6d92d5931de452273ad193d40727b3c98f58 [stream]
[debug] [2021-01-17T22:28:05.153Z] <<< [apiv2][status] POST https://upload-firebasehosting.googleapis.com/upload/sites/version-control-6b8d1/versions/707171231e7179ac/files/ba602a45d202d6b6c9708f4d7f9a316d53a39d284d77e6ea9031dddb02936017 200
[debug] [2021-01-17T22:28:05.153Z] <<< [apiv2][body] POST https://upload-firebasehosting.googleapis.com/upload/sites/version-control-6b8d1/versions/707171231e7179ac/files/ba602a45d202d6b6c9708f4d7f9a316d53a39d284d77e6ea9031dddb02936017 [stream]
[debug] [2021-01-17T22:28:05.153Z] [hosting][upload queue][FINAL] {"max":1005,"min":707,"avg":826.7142857142857,"active":0,"complete":7,"success":7,"errored":0,"retried":0,"total":7,"elapsed":1007}
[info] ✔  hosting[version-control-6b8d1]: file upload complete 
[debug] [2021-01-17T22:28:05.154Z] [hosting] deploy completed after 1593ms
[info] i  functions: creating Node.js 12 function ssr(us-central1)... 
[debug] [2021-01-17T22:28:05.156Z] Trigger is:  {"httpsTrigger":{}}
[debug] [2021-01-17T22:28:05.157Z] > refreshing access token with scopes: ["email","https://www.googleapis.com/auth/cloud-platform","https://www.googleapis.com/auth/cloudplatformprojects.readonly","https://www.googleapis.com/auth/firebase","openid"]
[debug] [2021-01-17T22:28:05.157Z] >>> HTTP REQUEST POST https://www.googleapis.com/oauth2/v3/token  
 <request body omitted>
[debug] [2021-01-17T22:28:05.265Z] <<< HTTP RESPONSE 200 {"cache-control":"no-cache, no-store, max-age=0, must-revalidate","expires":"Mon, 01 Jan 1990 00:00:00 GMT","pragma":"no-cache","date":"Sun, 17 Jan 2021 22:28:05 GMT","content-type":"application/json; charset=utf-8","vary":"X-Origin, Referer, Origin,Accept-Encoding","server":"scaffolding on HTTPServer2","x-xss-protection":"0","x-frame-options":"SAMEORIGIN","x-content-type-options":"nosniff","alt-svc":"h3-29=\":443\"; ma=2592000,h3-T051=\":443\"; ma=2592000,h3-Q050=\":443\"; ma=2592000,h3-Q046=\":443\"; ma=2592000,h3-Q043=\":443\"; ma=2592000,quic=\":443\"; ma=2592000; v=\"46,43\"","accept-ranges":"none","transfer-encoding":"chunked"}
[debug] [2021-01-17T22:28:05.295Z] >>> HTTP REQUEST POST https://cloudfunctions.googleapis.com/v1/projects/version-control-6b8d1/locations/us-central1/functions  
 {"sourceUploadUrl":"https://storage.googleapis.com/gcf-upload-us-central1-fce8c1b9-be2b-4524-a1eb-41c91f41808e/487d16f2-2651-4c81-a012-a8b93e73a84a.zip?GoogleAccessId=service-395160986655@gcf-admin-robot.iam.gserviceaccount.com&Expires=1610924283&Signature=g0f8L9y86u0vXNOelEDqqRf%2F3mY28L6%2Fl6pFf8gxl8NcHRccAhDAjY2hQLP06ry3u9IL5N8dHoL4ms5%2F94e3AWW3XEyFqn4PQnB5ujVVTtekMYq0xgEcvg7ME5Qh1PU7Hgb9cPQk5Zfv6NTDjy9t1PZMZujU1NK%2BeC0JVE5lQ5yBNRG43tQDZYR65VKU6vwhjEsBUlJa%2FR%2B24A4HvvIQRBaVRXZlKiPIOF6ik1zUX2bnVJhu8kM11qWXI49ERX4P%2Fq%2Fs0DMBurByJk5eSs44hkIRbQtYGcHyUivuAZzJDKqje5TwhRUBTG53VGX4269IVsLj96HhzLtLstsG1SIrfw%3D%3D","name":"projects/version-control-6b8d1/locations/us-central1/functions/ssr","entryPoint":"ssr","labels":{"deployment-tool":"cli-firebase"},"runtime":"nodejs12","environmentVariables":{"FIREBASE_CONFIG":"{\"projectId\":\"version-control-6b8d1\",\"storageBucket\":\"version-control-6b8d1.appspot.com\"}"},"httpsTrigger":{}}
[debug] [2021-01-17T22:28:06.026Z] <<< HTTP RESPONSE 200 {"content-type":"application/json; charset=UTF-8","vary":"X-Origin, Referer, Origin,Accept-Encoding","date":"Sun, 17 Jan 2021 22:28:05 GMT","server":"ESF","cache-control":"private","x-xss-protection":"0","x-frame-options":"SAMEORIGIN","x-content-type-options":"nosniff","alt-svc":"h3-29=\":443\"; ma=2592000,h3-T051=\":443\"; ma=2592000,h3-Q050=\":443\"; ma=2592000,h3-Q046=\":443\"; ma=2592000,h3-Q043=\":443\"; ma=2592000,quic=\":443\"; ma=2592000; v=\"46,43\"","accept-ranges":"none","transfer-encoding":"chunked"}
[debug] [2021-01-17T22:28:06.026Z] Setting public policy for function ssr
[debug] [2021-01-17T22:28:06.027Z] >>> HTTP REQUEST POST https://cloudfunctions.googleapis.com/v1/projects/version-control-6b8d1/locations/us-central1/functions/ssr:setIamPolicy  
 {"policy":{"version":3,"bindings":[{"role":"roles/cloudfunctions.invoker","members":["allUsers"]}]},"updateMask":"version,bindings"}
[debug] [2021-01-17T22:28:06.340Z] <<< HTTP RESPONSE 200 {"content-type":"application/json; charset=UTF-8","vary":"X-Origin, Referer, Origin,Accept-Encoding","date":"Sun, 17 Jan 2021 22:28:06 GMT","server":"ESF","cache-control":"private","x-xss-protection":"0","x-frame-options":"SAMEORIGIN","x-content-type-options":"nosniff","alt-svc":"h3-29=\":443\"; ma=2592000,h3-T051=\":443\"; ma=2592000,h3-Q050=\":443\"; ma=2592000,h3-Q046=\":443\"; ma=2592000,h3-Q043=\":443\"; ma=2592000,quic=\":443\"; ma=2592000; v=\"46,43\"","accept-ranges":"none","transfer-encoding":"chunked"}
[debug] [2021-01-17T22:28:06.343Z] >>> HTTP REQUEST GET https://cloudfunctions.googleapis.com/v1/projects/version-control-6b8d1/locations/-/functions  
 
[debug] [2021-01-17T22:28:06.789Z] <<< HTTP RESPONSE 200 {"content-type":"application/json; charset=UTF-8","vary":"X-Origin, Referer, Origin,Accept-Encoding","date":"Sun, 17 Jan 2021 22:28:06 GMT","server":"ESF","cache-control":"private","x-xss-protection":"0","x-frame-options":"SAMEORIGIN","x-content-type-options":"nosniff","alt-svc":"h3-29=\":443\"; ma=2592000,h3-T051=\":443\"; ma=2592000,h3-Q050=\":443\"; ma=2592000,h3-Q046=\":443\"; ma=2592000,h3-Q043=\":443\"; ma=2592000,quic=\":443\"; ma=2592000; v=\"46,43\"","accept-ranges":"none","transfer-encoding":"chunked"}
[debug] [2021-01-17T22:28:06.791Z] >>> HTTP REQUEST GET https://cloudfunctions.googleapis.com/v1/operations/dmVyc2lvbi1jb250cm9sLTZiOGQxL3VzLWNlbnRyYWwxL3Nzci83VmM4aWVCazNzOA  
 
[debug] [2021-01-17T22:28:07.009Z] <<< HTTP RESPONSE 200 {"content-type":"application/json; charset=UTF-8","vary":"X-Origin, Referer, Origin,Accept-Encoding","date":"Sun, 17 Jan 2021 22:28:06 GMT","server":"ESF","cache-control":"private","x-xss-protection":"0","x-frame-options":"SAMEORIGIN","x-content-type-options":"nosniff","alt-svc":"h3-29=\":443\"; ma=2592000,h3-T051=\":443\"; ma=2592000,h3-Q050=\":443\"; ma=2592000,h3-Q046=\":443\"; ma=2592000,h3-Q043=\":443\"; ma=2592000,quic=\":443\"; ma=2592000; v=\"46,43\"","accept-ranges":"none","transfer-encoding":"chunked"}
[debug] [2021-01-17T22:28:09.011Z] >>> HTTP REQUEST GET https://cloudfunctions.googleapis.com/v1/operations/dmVyc2lvbi1jb250cm9sLTZiOGQxL3VzLWNlbnRyYWwxL3Nzci83VmM4aWVCazNzOA  
 
[debug] [2021-01-17T22:28:09.263Z] <<< HTTP RESPONSE 200 {"content-type":"application/json; charset=UTF-8","vary":"X-Origin, Referer, Origin,Accept-Encoding","date":"Sun, 17 Jan 2021 22:28:09 GMT","server":"ESF","cache-control":"private","x-xss-protection":"0","x-frame-options":"SAMEORIGIN","x-content-type-options":"nosniff","alt-svc":"h3-29=\":443\"; ma=2592000,h3-T051=\":443\"; ma=2592000,h3-Q050=\":443\"; ma=2592000,h3-Q046=\":443\"; ma=2592000,h3-Q043=\":443\"; ma=2592000,quic=\":443\"; ma=2592000; v=\"46,43\"","accept-ranges":"none","transfer-encoding":"chunked"}
[debug] [2021-01-17T22:28:11.268Z] >>> HTTP REQUEST GET https://cloudfunctions.googleapis.com/v1/operations/dmVyc2lvbi1jb250cm9sLTZiOGQxL3VzLWNlbnRyYWwxL3Nzci83VmM4aWVCazNzOA  
 
[debug] [2021-01-17T22:28:11.484Z] <<< HTTP RESPONSE 200 {"content-type":"application/json; charset=UTF-8","vary":"X-Origin, Referer, Origin,Accept-Encoding","date":"Sun, 17 Jan 2021 22:28:11 GMT","server":"ESF","cache-control":"private","x-xss-protection":"0","x-frame-options":"SAMEORIGIN","x-content-type-options":"nosniff","alt-svc":"h3-29=\":443\"; ma=2592000,h3-T051=\":443\"; ma=2592000,h3-Q050=\":443\"; ma=2592000,h3-Q046=\":443\"; ma=2592000,h3-Q043=\":443\"; ma=2592000,quic=\":443\"; ma=2592000; v=\"46,43\"","accept-ranges":"none","transfer-encoding":"chunked"}
[debug] [2021-01-17T22:28:13.487Z] >>> HTTP REQUEST GET https://cloudfunctions.googleapis.com/v1/operations/dmVyc2lvbi1jb250cm9sLTZiOGQxL3VzLWNlbnRyYWwxL3Nzci83VmM4aWVCazNzOA  
 
[debug] [2021-01-17T22:28:13.646Z] <<< HTTP RESPONSE 200 {"content-type":"application/json; charset=UTF-8","vary":"X-Origin, Referer, Origin,Accept-Encoding","date":"Sun, 17 Jan 2021 22:28:13 GMT","server":"ESF","cache-control":"private","x-xss-protection":"0","x-frame-options":"SAMEORIGIN","x-content-type-options":"nosniff","alt-svc":"h3-29=\":443\"; ma=2592000,h3-T051=\":443\"; ma=2592000,h3-Q050=\":443\"; ma=2592000,h3-Q046=\":443\"; ma=2592000,h3-Q043=\":443\"; ma=2592000,quic=\":443\"; ma=2592000; v=\"46,43\"","accept-ranges":"none","transfer-encoding":"chunked"}
[debug] [2021-01-17T22:28:15.652Z] >>> HTTP REQUEST GET https://cloudfunctions.googleapis.com/v1/operations/dmVyc2lvbi1jb250cm9sLTZiOGQxL3VzLWNlbnRyYWwxL3Nzci83VmM4aWVCazNzOA  
 
[debug] [2021-01-17T22:28:15.837Z] <<< HTTP RESPONSE 200 {"content-type":"application/json; charset=UTF-8","vary":"X-Origin, Referer, Origin,Accept-Encoding","date":"Sun, 17 Jan 2021 22:28:15 GMT","server":"ESF","cache-control":"private","x-xss-protection":"0","x-frame-options":"SAMEORIGIN","x-content-type-options":"nosniff","alt-svc":"h3-29=\":443\"; ma=2592000,h3-T051=\":443\"; ma=2592000,h3-Q050=\":443\"; ma=2592000,h3-Q046=\":443\"; ma=2592000,h3-Q043=\":443\"; ma=2592000,quic=\":443\"; ma=2592000; v=\"46,43\"","accept-ranges":"none","transfer-encoding":"chunked"}
[debug] [2021-01-17T22:28:17.838Z] >>> HTTP REQUEST GET https://cloudfunctions.googleapis.com/v1/operations/dmVyc2lvbi1jb250cm9sLTZiOGQxL3VzLWNlbnRyYWwxL3Nzci83VmM4aWVCazNzOA  
 
[debug] [2021-01-17T22:28:17.996Z] <<< HTTP RESPONSE 200 {"content-type":"application/json; charset=UTF-8","vary":"X-Origin, Referer, Origin,Accept-Encoding","date":"Sun, 17 Jan 2021 22:28:17 GMT","server":"ESF","cache-control":"private","x-xss-protection":"0","x-frame-options":"SAMEORIGIN","x-content-type-options":"nosniff","alt-svc":"h3-29=\":443\"; ma=2592000,h3-T051=\":443\"; ma=2592000,h3-Q050=\":443\"; ma=2592000,h3-Q046=\":443\"; ma=2592000,h3-Q043=\":443\"; ma=2592000,quic=\":443\"; ma=2592000; v=\"46,43\"","accept-ranges":"none","transfer-encoding":"chunked"}
[debug] [2021-01-17T22:28:20.002Z] >>> HTTP REQUEST GET https://cloudfunctions.googleapis.com/v1/operations/dmVyc2lvbi1jb250cm9sLTZiOGQxL3VzLWNlbnRyYWwxL3Nzci83VmM4aWVCazNzOA  
 
[debug] [2021-01-17T22:28:20.202Z] <<< HTTP RESPONSE 200 {"content-type":"application/json; charset=UTF-8","vary":"X-Origin, Referer, Origin,Accept-Encoding","date":"Sun, 17 Jan 2021 22:28:20 GMT","server":"ESF","cache-control":"private","x-xss-protection":"0","x-frame-options":"SAMEORIGIN","x-content-type-options":"nosniff","alt-svc":"h3-29=\":443\"; ma=2592000,h3-T051=\":443\"; ma=2592000,h3-Q050=\":443\"; ma=2592000,h3-Q046=\":443\"; ma=2592000,h3-Q043=\":443\"; ma=2592000,quic=\":443\"; ma=2592000; v=\"46,43\"","accept-ranges":"none","transfer-encoding":"chunked"}
[debug] [2021-01-17T22:28:22.205Z] >>> HTTP REQUEST GET https://cloudfunctions.googleapis.com/v1/operations/dmVyc2lvbi1jb250cm9sLTZiOGQxL3VzLWNlbnRyYWwxL3Nzci83VmM4aWVCazNzOA  
 
[debug] [2021-01-17T22:28:22.370Z] <<< HTTP RESPONSE 200 {"content-type":"application/json; charset=UTF-8","vary":"X-Origin, Referer, Origin,Accept-Encoding","date":"Sun, 17 Jan 2021 22:28:22 GMT","server":"ESF","cache-control":"private","x-xss-protection":"0","x-frame-options":"SAMEORIGIN","x-content-type-options":"nosniff","alt-svc":"h3-29=\":443\"; ma=2592000,h3-T051=\":443\"; ma=2592000,h3-Q050=\":443\"; ma=2592000,h3-Q046=\":443\"; ma=2592000,h3-Q043=\":443\"; ma=2592000,quic=\":443\"; ma=2592000; v=\"46,43\"","accept-ranges":"none","transfer-encoding":"chunked"}
[debug] [2021-01-17T22:28:24.375Z] >>> HTTP REQUEST GET https://cloudfunctions.googleapis.com/v1/operations/dmVyc2lvbi1jb250cm9sLTZiOGQxL3VzLWNlbnRyYWwxL3Nzci83VmM4aWVCazNzOA  
 
[debug] [2021-01-17T22:28:24.548Z] <<< HTTP RESPONSE 200 {"content-type":"application/json; charset=UTF-8","vary":"X-Origin, Referer, Origin,Accept-Encoding","date":"Sun, 17 Jan 2021 22:28:24 GMT","server":"ESF","cache-control":"private","x-xss-protection":"0","x-frame-options":"SAMEORIGIN","x-content-type-options":"nosniff","alt-svc":"h3-29=\":443\"; ma=2592000,h3-T051=\":443\"; ma=2592000,h3-Q050=\":443\"; ma=2592000,h3-Q046=\":443\"; ma=2592000,h3-Q043=\":443\"; ma=2592000,quic=\":443\"; ma=2592000; v=\"46,43\"","accept-ranges":"none","transfer-encoding":"chunked"}
[debug] [2021-01-17T22:28:26.553Z] >>> HTTP REQUEST GET https://cloudfunctions.googleapis.com/v1/operations/dmVyc2lvbi1jb250cm9sLTZiOGQxL3VzLWNlbnRyYWwxL3Nzci83VmM4aWVCazNzOA  
 
[debug] [2021-01-17T22:28:27.021Z] <<< HTTP RESPONSE 200 {"content-type":"application/json; charset=UTF-8","vary":"X-Origin, Referer, Origin,Accept-Encoding","date":"Sun, 17 Jan 2021 22:28:26 GMT","server":"ESF","cache-control":"private","x-xss-protection":"0","x-frame-options":"SAMEORIGIN","x-content-type-options":"nosniff","alt-svc":"h3-29=\":443\"; ma=2592000,h3-T051=\":443\"; ma=2592000,h3-Q050=\":443\"; ma=2592000,h3-Q046=\":443\"; ma=2592000,h3-Q043=\":443\"; ma=2592000,quic=\":443\"; ma=2592000; v=\"46,43\"","accept-ranges":"none","transfer-encoding":"chunked"}
[debug] [2021-01-17T22:28:29.026Z] >>> HTTP REQUEST GET https://cloudfunctions.googleapis.com/v1/operations/dmVyc2lvbi1jb250cm9sLTZiOGQxL3VzLWNlbnRyYWwxL3Nzci83VmM4aWVCazNzOA  
 
[debug] [2021-01-17T22:28:29.350Z] <<< HTTP RESPONSE 200 {"content-type":"application/json; charset=UTF-8","vary":"X-Origin, Referer, Origin,Accept-Encoding","date":"Sun, 17 Jan 2021 22:28:29 GMT","server":"ESF","cache-control":"private","x-xss-protection":"0","x-frame-options":"SAMEORIGIN","x-content-type-options":"nosniff","alt-svc":"h3-29=\":443\"; ma=2592000,h3-T051=\":443\"; ma=2592000,h3-Q050=\":443\"; ma=2592000,h3-Q046=\":443\"; ma=2592000,h3-Q043=\":443\"; ma=2592000,quic=\":443\"; ma=2592000; v=\"46,43\"","accept-ranges":"none","transfer-encoding":"chunked"}
[debug] [2021-01-17T22:28:31.353Z] >>> HTTP REQUEST GET https://cloudfunctions.googleapis.com/v1/operations/dmVyc2lvbi1jb250cm9sLTZiOGQxL3VzLWNlbnRyYWwxL3Nzci83VmM4aWVCazNzOA  
 
[debug] [2021-01-17T22:28:31.519Z] <<< HTTP RESPONSE 200 {"content-type":"application/json; charset=UTF-8","vary":"X-Origin, Referer, Origin,Accept-Encoding","date":"Sun, 17 Jan 2021 22:28:31 GMT","server":"ESF","cache-control":"private","x-xss-protection":"0","x-frame-options":"SAMEORIGIN","x-content-type-options":"nosniff","alt-svc":"h3-29=\":443\"; ma=2592000,h3-T051=\":443\"; ma=2592000,h3-Q050=\":443\"; ma=2592000,h3-Q046=\":443\"; ma=2592000,h3-Q043=\":443\"; ma=2592000,quic=\":443\"; ma=2592000; v=\"46,43\"","accept-ranges":"none","transfer-encoding":"chunked"}
[debug] [2021-01-17T22:28:33.525Z] >>> HTTP REQUEST GET https://cloudfunctions.googleapis.com/v1/operations/dmVyc2lvbi1jb250cm9sLTZiOGQxL3VzLWNlbnRyYWwxL3Nzci83VmM4aWVCazNzOA  
 
[debug] [2021-01-17T22:28:33.696Z] <<< HTTP RESPONSE 200 {"content-type":"application/json; charset=UTF-8","vary":"X-Origin, Referer, Origin,Accept-Encoding","date":"Sun, 17 Jan 2021 22:28:33 GMT","server":"ESF","cache-control":"private","x-xss-protection":"0","x-frame-options":"SAMEORIGIN","x-content-type-options":"nosniff","alt-svc":"h3-29=\":443\"; ma=2592000,h3-T051=\":443\"; ma=2592000,h3-Q050=\":443\"; ma=2592000,h3-Q046=\":443\"; ma=2592000,h3-Q043=\":443\"; ma=2592000,quic=\":443\"; ma=2592000; v=\"46,43\"","accept-ranges":"none","transfer-encoding":"chunked"}
[debug] [2021-01-17T22:28:35.697Z] >>> HTTP REQUEST GET https://cloudfunctions.googleapis.com/v1/operations/dmVyc2lvbi1jb250cm9sLTZiOGQxL3VzLWNlbnRyYWwxL3Nzci83VmM4aWVCazNzOA  
 
[debug] [2021-01-17T22:28:35.877Z] <<< HTTP RESPONSE 200 {"content-type":"application/json; charset=UTF-8","vary":"X-Origin, Referer, Origin,Accept-Encoding","date":"Sun, 17 Jan 2021 22:28:35 GMT","server":"ESF","cache-control":"private","x-xss-protection":"0","x-frame-options":"SAMEORIGIN","x-content-type-options":"nosniff","alt-svc":"h3-29=\":443\"; ma=2592000,h3-T051=\":443\"; ma=2592000,h3-Q050=\":443\"; ma=2592000,h3-Q046=\":443\"; ma=2592000,h3-Q043=\":443\"; ma=2592000,quic=\":443\"; ma=2592000; v=\"46,43\"","accept-ranges":"none","transfer-encoding":"chunked"}
[debug] [2021-01-17T22:28:37.878Z] >>> HTTP REQUEST GET https://cloudfunctions.googleapis.com/v1/operations/dmVyc2lvbi1jb250cm9sLTZiOGQxL3VzLWNlbnRyYWwxL3Nzci83VmM4aWVCazNzOA  
 
[debug] [2021-01-17T22:28:38.056Z] <<< HTTP RESPONSE 200 {"content-type":"application/json; charset=UTF-8","vary":"X-Origin, Referer, Origin,Accept-Encoding","date":"Sun, 17 Jan 2021 22:28:38 GMT","server":"ESF","cache-control":"private","x-xss-protection":"0","x-frame-options":"SAMEORIGIN","x-content-type-options":"nosniff","alt-svc":"h3-29=\":443\"; ma=2592000,h3-T051=\":443\"; ma=2592000,h3-Q050=\":443\"; ma=2592000,h3-Q046=\":443\"; ma=2592000,h3-Q043=\":443\"; ma=2592000,quic=\":443\"; ma=2592000; v=\"46,43\"","accept-ranges":"none","transfer-encoding":"chunked"}
[debug] [2021-01-17T22:28:40.059Z] >>> HTTP REQUEST GET https://cloudfunctions.googleapis.com/v1/operations/dmVyc2lvbi1jb250cm9sLTZiOGQxL3VzLWNlbnRyYWwxL3Nzci83VmM4aWVCazNzOA  
 
[debug] [2021-01-17T22:28:40.240Z] <<< HTTP RESPONSE 200 {"content-type":"application/json; charset=UTF-8","vary":"X-Origin, Referer, Origin,Accept-Encoding","date":"Sun, 17 Jan 2021 22:28:40 GMT","server":"ESF","cache-control":"private","x-xss-protection":"0","x-frame-options":"SAMEORIGIN","x-content-type-options":"nosniff","alt-svc":"h3-29=\":443\"; ma=2592000,h3-T051=\":443\"; ma=2592000,h3-Q050=\":443\"; ma=2592000,h3-Q046=\":443\"; ma=2592000,h3-Q043=\":443\"; ma=2592000,quic=\":443\"; ma=2592000; v=\"46,43\"","accept-ranges":"none","transfer-encoding":"chunked"}
[debug] [2021-01-17T22:28:42.244Z] >>> HTTP REQUEST GET https://cloudfunctions.googleapis.com/v1/operations/dmVyc2lvbi1jb250cm9sLTZiOGQxL3VzLWNlbnRyYWwxL3Nzci83VmM4aWVCazNzOA  
 
[debug] [2021-01-17T22:28:42.430Z] <<< HTTP RESPONSE 200 {"content-type":"application/json; charset=UTF-8","vary":"X-Origin, Referer, Origin,Accept-Encoding","date":"Sun, 17 Jan 2021 22:28:42 GMT","server":"ESF","cache-control":"private","x-xss-protection":"0","x-frame-options":"SAMEORIGIN","x-content-type-options":"nosniff","alt-svc":"h3-29=\":443\"; ma=2592000,h3-T051=\":443\"; ma=2592000,h3-Q050=\":443\"; ma=2592000,h3-Q046=\":443\"; ma=2592000,h3-Q043=\":443\"; ma=2592000,quic=\":443\"; ma=2592000; v=\"46,43\"","accept-ranges":"none","transfer-encoding":"chunked"}
[debug] [2021-01-17T22:28:44.436Z] >>> HTTP REQUEST GET https://cloudfunctions.googleapis.com/v1/operations/dmVyc2lvbi1jb250cm9sLTZiOGQxL3VzLWNlbnRyYWwxL3Nzci83VmM4aWVCazNzOA  
 
[debug] [2021-01-17T22:28:44.603Z] <<< HTTP RESPONSE 200 {"content-type":"application/json; charset=UTF-8","vary":"X-Origin, Referer, Origin,Accept-Encoding","date":"Sun, 17 Jan 2021 22:28:44 GMT","server":"ESF","cache-control":"private","x-xss-protection":"0","x-frame-options":"SAMEORIGIN","x-content-type-options":"nosniff","alt-svc":"h3-29=\":443\"; ma=2592000,h3-T051=\":443\"; ma=2592000,h3-Q050=\":443\"; ma=2592000,h3-Q046=\":443\"; ma=2592000,h3-Q043=\":443\"; ma=2592000,quic=\":443\"; ma=2592000; v=\"46,43\"","accept-ranges":"none","transfer-encoding":"chunked"}
[debug] [2021-01-17T22:28:46.609Z] >>> HTTP REQUEST GET https://cloudfunctions.googleapis.com/v1/operations/dmVyc2lvbi1jb250cm9sLTZiOGQxL3VzLWNlbnRyYWwxL3Nzci83VmM4aWVCazNzOA  
 
[debug] [2021-01-17T22:28:46.776Z] <<< HTTP RESPONSE 200 {"content-type":"application/json; charset=UTF-8","vary":"X-Origin, Referer, Origin,Accept-Encoding","date":"Sun, 17 Jan 2021 22:28:46 GMT","server":"ESF","cache-control":"private","x-xss-protection":"0","x-frame-options":"SAMEORIGIN","x-content-type-options":"nosniff","alt-svc":"h3-29=\":443\"; ma=2592000,h3-T051=\":443\"; ma=2592000,h3-Q050=\":443\"; ma=2592000,h3-Q046=\":443\"; ma=2592000,h3-Q043=\":443\"; ma=2592000,quic=\":443\"; ma=2592000; v=\"46,43\"","accept-ranges":"none","transfer-encoding":"chunked"}
[debug] [2021-01-17T22:28:48.782Z] >>> HTTP REQUEST GET https://cloudfunctions.googleapis.com/v1/operations/dmVyc2lvbi1jb250cm9sLTZiOGQxL3VzLWNlbnRyYWwxL3Nzci83VmM4aWVCazNzOA  
 
[debug] [2021-01-17T22:28:48.947Z] <<< HTTP RESPONSE 200 {"content-type":"application/json; charset=UTF-8","vary":"X-Origin, Referer, Origin,Accept-Encoding","date":"Sun, 17 Jan 2021 22:28:48 GMT","server":"ESF","cache-control":"private","x-xss-protection":"0","x-frame-options":"SAMEORIGIN","x-content-type-options":"nosniff","alt-svc":"h3-29=\":443\"; ma=2592000,h3-T051=\":443\"; ma=2592000,h3-Q050=\":443\"; ma=2592000,h3-Q046=\":443\"; ma=2592000,h3-Q043=\":443\"; ma=2592000,quic=\":443\"; ma=2592000; v=\"46,43\"","accept-ranges":"none","transfer-encoding":"chunked"}
[debug] [2021-01-17T22:28:50.953Z] >>> HTTP REQUEST GET https://cloudfunctions.googleapis.com/v1/operations/dmVyc2lvbi1jb250cm9sLTZiOGQxL3VzLWNlbnRyYWwxL3Nzci83VmM4aWVCazNzOA  
 
[debug] [2021-01-17T22:28:51.118Z] <<< HTTP RESPONSE 200 {"content-type":"application/json; charset=UTF-8","vary":"X-Origin, Referer, Origin,Accept-Encoding","date":"Sun, 17 Jan 2021 22:28:51 GMT","server":"ESF","cache-control":"private","x-xss-protection":"0","x-frame-options":"SAMEORIGIN","x-content-type-options":"nosniff","alt-svc":"h3-29=\":443\"; ma=2592000,h3-T051=\":443\"; ma=2592000,h3-Q050=\":443\"; ma=2592000,h3-Q046=\":443\"; ma=2592000,h3-Q043=\":443\"; ma=2592000,quic=\":443\"; ma=2592000; v=\"46,43\"","accept-ranges":"none","transfer-encoding":"chunked"}
[debug] [2021-01-17T22:28:53.121Z] >>> HTTP REQUEST GET https://cloudfunctions.googleapis.com/v1/operations/dmVyc2lvbi1jb250cm9sLTZiOGQxL3VzLWNlbnRyYWwxL3Nzci83VmM4aWVCazNzOA  
 
[debug] [2021-01-17T22:28:53.298Z] <<< HTTP RESPONSE 200 {"content-type":"application/json; charset=UTF-8","vary":"X-Origin, Referer, Origin,Accept-Encoding","date":"Sun, 17 Jan 2021 22:28:53 GMT","server":"ESF","cache-control":"private","x-xss-protection":"0","x-frame-options":"SAMEORIGIN","x-content-type-options":"nosniff","alt-svc":"h3-29=\":443\"; ma=2592000,h3-T051=\":443\"; ma=2592000,h3-Q050=\":443\"; ma=2592000,h3-Q046=\":443\"; ma=2592000,h3-Q043=\":443\"; ma=2592000,quic=\":443\"; ma=2592000; v=\"46,43\"","accept-ranges":"none","transfer-encoding":"chunked"}
[debug] [2021-01-17T22:28:55.300Z] >>> HTTP REQUEST GET https://cloudfunctions.googleapis.com/v1/operations/dmVyc2lvbi1jb250cm9sLTZiOGQxL3VzLWNlbnRyYWwxL3Nzci83VmM4aWVCazNzOA  
 
[debug] [2021-01-17T22:28:55.475Z] <<< HTTP RESPONSE 200 {"content-type":"application/json; charset=UTF-8","vary":"X-Origin, Referer, Origin,Accept-Encoding","date":"Sun, 17 Jan 2021 22:28:55 GMT","server":"ESF","cache-control":"private","x-xss-protection":"0","x-frame-options":"SAMEORIGIN","x-content-type-options":"nosniff","alt-svc":"h3-29=\":443\"; ma=2592000,h3-T051=\":443\"; ma=2592000,h3-Q050=\":443\"; ma=2592000,h3-Q046=\":443\"; ma=2592000,h3-Q043=\":443\"; ma=2592000,quic=\":443\"; ma=2592000; v=\"46,43\"","accept-ranges":"none","transfer-encoding":"chunked"}
[debug] [2021-01-17T22:28:57.477Z] >>> HTTP REQUEST GET https://cloudfunctions.googleapis.com/v1/operations/dmVyc2lvbi1jb250cm9sLTZiOGQxL3VzLWNlbnRyYWwxL3Nzci83VmM4aWVCazNzOA  
 
[debug] [2021-01-17T22:28:57.672Z] <<< HTTP RESPONSE 200 {"content-type":"application/json; charset=UTF-8","vary":"X-Origin, Referer, Origin,Accept-Encoding","date":"Sun, 17 Jan 2021 22:28:57 GMT","server":"ESF","cache-control":"private","x-xss-protection":"0","x-frame-options":"SAMEORIGIN","x-content-type-options":"nosniff","alt-svc":"h3-29=\":443\"; ma=2592000,h3-T051=\":443\"; ma=2592000,h3-Q050=\":443\"; ma=2592000,h3-Q046=\":443\"; ma=2592000,h3-Q043=\":443\"; ma=2592000,quic=\":443\"; ma=2592000; v=\"46,43\"","accept-ranges":"none","transfer-encoding":"chunked"}
[debug] [2021-01-17T22:28:59.675Z] >>> HTTP REQUEST GET https://cloudfunctions.googleapis.com/v1/operations/dmVyc2lvbi1jb250cm9sLTZiOGQxL3VzLWNlbnRyYWwxL3Nzci83VmM4aWVCazNzOA  
 
[debug] [2021-01-17T22:28:59.858Z] <<< HTTP RESPONSE 200 {"content-type":"application/json; charset=UTF-8","vary":"X-Origin, Referer, Origin,Accept-Encoding","date":"Sun, 17 Jan 2021 22:28:59 GMT","server":"ESF","cache-control":"private","x-xss-protection":"0","x-frame-options":"SAMEORIGIN","x-content-type-options":"nosniff","alt-svc":"h3-29=\":443\"; ma=2592000,h3-T051=\":443\"; ma=2592000,h3-Q050=\":443\"; ma=2592000,h3-Q046=\":443\"; ma=2592000,h3-Q043=\":443\"; ma=2592000,quic=\":443\"; ma=2592000; v=\"46,43\"","accept-ranges":"none","transfer-encoding":"chunked"}
